c:\users\uejun\desktop\kagetokigirlsln\project_games\debug\class_3deffect.obj
c:\users\uejun\desktop\kagetokigirlsln\project_games\debug\class_3deffectcenter.obj
c:\users\uejun\desktop\kagetokigirlsln\project_games\debug\class_3dmap.obj
c:\users\uejun\desktop\kagetokigirlsln\project_games\debug\class_3dobject.obj
c:\users\uejun\desktop\kagetokigirlsln\project_games\debug\class_3dobjectcamera.obj
c:\users\uejun\desktop\kagetokigirlsln\project_games\debug\class_3dobjectgroup.obj
c:\users\uejun\desktop\kagetokigirlsln\project_games\debug\class_adventenemymanager.obj
c:\users\uejun\desktop\kagetokigirlsln\project_games\debug\class_adventkagemi.obj
c:\users\uejun\desktop\kagetokigirlsln\project_games\debug\class_adventkageo.obj
c:\users\uejun\desktop\kagetokigirlsln\project_games\debug\class_adventplayer.obj
c:\users\uejun\desktop\kagetokigirlsln\project_games\debug\class_backsky.obj
c:\users\uejun\desktop\kagetokigirlsln\project_games\debug\class_bossclime.obj
c:\users\uejun\desktop\kagetokigirlsln\project_games\debug\class_bossexe.obj
c:\users\uejun\desktop\kagetokigirlsln\project_games\debug\class_bossfeather.obj
c:\users\uejun\desktop\kagetokigirlsln\project_games\debug\class_bosstima.obj
c:\users\uejun\desktop\kagetokigirlsln\project_games\debug\class_bossyamakage.obj
c:\users\uejun\desktop\kagetokigirlsln\project_games\debug\class_comment.obj
c:\users\uejun\desktop\kagetokigirlsln\project_games\debug\class_depthbufshader.obj
c:\users\uejun\desktop\kagetokigirlsln\project_games\debug\class_directinput.obj
c:\users\uejun\desktop\kagetokigirlsln\project_games\debug\class_direction.obj
c:\users\uejun\desktop\kagetokigirlsln\project_games\debug\class_effectbase.obj
c:\users\uejun\desktop\kagetokigirlsln\project_games\debug\class_enemyball.obj
c:\users\uejun\desktop\kagetokigirlsln\project_games\debug\class_enemyshadog.obj
c:\users\uejun\desktop\kagetokigirlsln\project_games\debug\class_enemyshadoll.obj
c:\users\uejun\desktop\kagetokigirlsln\project_games\debug\class_enemyshadollarchery.obj
c:\users\uejun\desktop\kagetokigirlsln\project_games\debug\class_enemyshadollsword.obj
c:\users\uejun\desktop\kagetokigirlsln\project_games\debug\class_fontbase.obj
c:\users\uejun\desktop\kagetokigirlsln\project_games\debug\class_gameapplication.obj
c:\users\uejun\desktop\kagetokigirlsln\project_games\debug\class_gamemap.obj
c:\users\uejun\desktop\kagetokigirlsln\project_games\debug\class_graphicdevice.obj
c:\users\uejun\desktop\kagetokigirlsln\project_games\debug\class_kagemiball.obj
c:\users\uejun\desktop\kagetokigirlsln\project_games\debug\class_kageoball.obj
c:\users\uejun\desktop\kagetokigirlsln\project_games\debug\class_kagetokiadventboss.obj
c:\users\uejun\desktop\kagetokigirlsln\project_games\debug\class_kagetokiadventcharacter.obj
c:\users\uejun\desktop\kagetokigirlsln\project_games\debug\class_kagetokiadventenemy.obj
c:\users\uejun\desktop\kagetokigirlsln\project_games\debug\class_mesh.obj
c:\users\uejun\desktop\kagetokigirlsln\project_games\debug\class_meshbase.obj
c:\users\uejun\desktop\kagetokigirlsln\project_games\debug\class_moviecamera.obj
c:\users\uejun\desktop\kagetokigirlsln\project_games\debug\class_oggvorbis.obj
c:\users\uejun\desktop\kagetokigirlsln\project_games\debug\class_saveresource.obj
c:\users\uejun\desktop\kagetokigirlsln\project_games\debug\class_scene.obj
c:\users\uejun\desktop\kagetokigirlsln\project_games\debug\class_sceneadventuregame.obj
c:\users\uejun\desktop\kagetokigirlsln\project_games\debug\class_sceneadventuregameclear.obj
c:\users\uejun\desktop\kagetokigirlsln\project_games\debug\class_sceneadventuregamecontinue.obj
c:\users\uejun\desktop\kagetokigirlsln\project_games\debug\class_sceneadventuregamedata.obj
c:\users\uejun\desktop\kagetokigirlsln\project_games\debug\class_sceneadventuregameevent.obj
c:\users\uejun\desktop\kagetokigirlsln\project_games\debug\class_sceneadventuregameplay.obj
c:\users\uejun\desktop\kagetokigirlsln\project_games\debug\class_sceneadventuregamequit.obj
c:\users\uejun\desktop\kagetokigirlsln\project_games\debug\class_sceneadventuregamereset.obj
c:\users\uejun\desktop\kagetokigirlsln\project_games\debug\class_sceneadventuregamestagechange.obj
c:\users\uejun\desktop\kagetokigirlsln\project_games\debug\class_sceneadventuregamestageout.obj
c:\users\uejun\desktop\kagetokigirlsln\project_games\debug\class_sceneboss1.obj
c:\users\uejun\desktop\kagetokigirlsln\project_games\debug\class_sceneboss2.obj
c:\users\uejun\desktop\kagetokigirlsln\project_games\debug\class_sceneboss3.obj
c:\users\uejun\desktop\kagetokigirlsln\project_games\debug\class_sceneboss4.obj
c:\users\uejun\desktop\kagetokigirlsln\project_games\debug\class_sceneboss5.obj
c:\users\uejun\desktop\kagetokigirlsln\project_games\debug\class_scenedemo.obj
c:\users\uejun\desktop\kagetokigirlsln\project_games\debug\class_sceneending.obj
c:\users\uejun\desktop\kagetokigirlsln\project_games\debug\class_scenegameover.obj
c:\users\uejun\desktop\kagetokigirlsln\project_games\debug\class_scenelogo.obj
c:\users\uejun\desktop\kagetokigirlsln\project_games\debug\class_scenemovie1.obj
c:\users\uejun\desktop\kagetokigirlsln\project_games\debug\class_scenemovie10.obj
c:\users\uejun\desktop\kagetokigirlsln\project_games\debug\class_scenemovie11.obj
c:\users\uejun\desktop\kagetokigirlsln\project_games\debug\class_scenemovie12.obj
c:\users\uejun\desktop\kagetokigirlsln\project_games\debug\class_scenemovie2.obj
c:\users\uejun\desktop\kagetokigirlsln\project_games\debug\class_scenemovie3.obj
c:\users\uejun\desktop\kagetokigirlsln\project_games\debug\class_scenemovie4.obj
c:\users\uejun\desktop\kagetokigirlsln\project_games\debug\class_scenemovie5.obj
c:\users\uejun\desktop\kagetokigirlsln\project_games\debug\class_scenemovie6.obj
c:\users\uejun\desktop\kagetokigirlsln\project_games\debug\class_scenemovie7.obj
c:\users\uejun\desktop\kagetokigirlsln\project_games\debug\class_scenemovie8.obj
c:\users\uejun\desktop\kagetokigirlsln\project_games\debug\class_scenemovie9.obj
c:\users\uejun\desktop\kagetokigirlsln\project_games\debug\class_scenemoviebase.obj
c:\users\uejun\desktop\kagetokigirlsln\project_games\debug\class_scenestage1.obj
c:\users\uejun\desktop\kagetokigirlsln\project_games\debug\class_scenestage10.obj
c:\users\uejun\desktop\kagetokigirlsln\project_games\debug\class_scenestage2.obj
c:\users\uejun\desktop\kagetokigirlsln\project_games\debug\class_scenestage3.obj
c:\users\uejun\desktop\kagetokigirlsln\project_games\debug\class_scenestage4.obj
c:\users\uejun\desktop\kagetokigirlsln\project_games\debug\class_scenestage5.obj
c:\users\uejun\desktop\kagetokigirlsln\project_games\debug\class_scenestage6.obj
c:\users\uejun\desktop\kagetokigirlsln\project_games\debug\class_scenestage7.obj
c:\users\uejun\desktop\kagetokigirlsln\project_games\debug\class_scenestage8.obj
c:\users\uejun\desktop\kagetokigirlsln\project_games\debug\class_scenestage9.obj
c:\users\uejun\desktop\kagetokigirlsln\project_games\debug\class_scenetitle.obj
c:\users\uejun\desktop\kagetokigirlsln\project_games\debug\class_shadowobject.obj
c:\users\uejun\desktop\kagetokigirlsln\project_games\debug\class_skinmesh.obj
c:\users\uejun\desktop\kagetokigirlsln\project_games\debug\class_skinmeshbase.obj
c:\users\uejun\desktop\kagetokigirlsln\project_games\debug\class_sound.obj
c:\users\uejun\desktop\kagetokigirlsln\project_games\debug\class_sound_oggvorbis.obj
c:\users\uejun\desktop\kagetokigirlsln\project_games\debug\class_spline.obj
c:\users\uejun\desktop\kagetokigirlsln\project_games\debug\class_texture.obj
c:\users\uejun\desktop\kagetokigirlsln\project_games\debug\class_texturebase.obj
c:\users\uejun\desktop\kagetokigirlsln\project_games\debug\class_windowmanager.obj
c:\users\uejun\desktop\kagetokigirlsln\project_games\debug\class_yamakageweapon.obj
c:\users\uejun\desktop\kagetokigirlsln\project_games\debug\class_ztextureshader.obj
c:\users\uejun\desktop\kagetokigirlsln\project_games\debug\directx.obj
c:\users\uejun\desktop\kagetokigirlsln\project_games\debug\gamecommon.obj
c:\users\uejun\desktop\kagetokigirlsln\project_games\debug\mysystem.obj
c:\users\uejun\desktop\kagetokigirlsln\project_games\debug\precompiler.obj
c:\users\uejun\desktop\kagetokigirlsln\project_games\debug\utilityfunction.obj
c:\users\uejun\desktop\kagetokigirlsln\project_games\debug\version.obj
c:\users\uejun\desktop\kagetokigirlsln\project_games\debug\winmain.obj
c:\users\uejun\desktop\kagetokigirlsln\project_games\debug\project_games.exe.embed.manifest
c:\users\uejun\desktop\kagetokigirlsln\project_games\debug\project_games.exe.intermediate.manifest
c:\users\uejun\desktop\kagetokigirlsln\project_games\debug\project_games.exe.embed.manifest.res
c:\users\uejun\desktop\kagetokigirlsln\project_games\debug\project_games.res
c:\users\uejun\desktop\kagetokigirlsln\project_games\debug\project_games.pch
c:\users\uejun\desktop\kagetokigirlsln\project_games\debug\vc80.idb
c:\users\uejun\desktop\kagetokigirlsln\project_games\debug\vc80.pdb
c:\users\uejun\desktop\kagetokigirlsln\debug\project_games.pdb
c:\users\uejun\desktop\kagetokigirlsln\debug\project_games.exe
c:\users\uejun\desktop\kagetokigirlsln\debug\project_games.ilk
c:\users\uejun\desktop\kagetokigirlsln\project_games\debug\project_games.tlog\fxc.command.1.tlog
c:\users\uejun\desktop\kagetokigirlsln\project_games\debug\project_games.tlog\fxc.read.1.tlog
c:\users\uejun\desktop\kagetokigirlsln\project_games\debug\project_games.tlog\fxc.write.1.tlog
