2014/01/31 1:32:49 にビルドを開始しました。
     1>ノード 2 上のプロジェクト "C:\Users\uejun\Desktop\KageTokiGIRLSln\Project_Games\Project_Games.vcxproj" (Build ターゲット)。
     1>Link:
         C:\Program Files (x86)\Microsoft Visual Studio 12.0\VC\bin\link.exe /ERRORREPORT:PROMPT /OUT:"C:\Users\uejun\Desktop\KageTokiGIRLSln\Debug\Project_Games.exe" /INCREMENTAL /NOLOGO kernel32.lib user32.lib gdi32.lib winspool.lib comdlg32.lib advapi32.lib shell32.lib ole32.lib oleaut32.lib uuid.lib odbc32.lib odbccp32.lib /MANIFEST /MANIFESTUAC:"level='asInvoker' uiAccess='false'" /manifest:embed /DEBUG /PDB:"C:\Users\uejun\Desktop\KageTokiGIRLSln\Debug\Project_Games.pdb" /SUBSYSTEM:WINDOWS /TLBID:1 /DYNAMICBASE /NXCOMPAT /IMPLIB:"C:\Users\uejun\Desktop\KageTokiGIRLSln\Debug\Project_Games.lib" /MACHINE:X86 /SAFESEH Debug\Project_Games.res
         Debug\Class_GameApplication.obj
         Debug\Class_Scene.obj
         Debug\Class_SceneStage1.obj
         Debug\Class_SceneMovie2.obj
         Debug\Class_SceneStage2.obj
         Debug\Class_SceneMovie3.obj
         Debug\Class_SceneStage3.obj
         Debug\Class_SceneBoss1.obj
         Debug\Class_SceneMovie1.obj
         Debug\Class_SceneMovie4.obj
         Debug\Class_SceneStage4.obj
         Debug\Class_SceneMovie5.obj
         Debug\Class_SceneStage5.obj
         Debug\Class_SceneMovie6.obj
         Debug\Class_SceneBoss2.obj
         Debug\Class_SceneStage6.obj
         Debug\Class_SceneMovie7.obj
         Debug\Class_SceneStage7.obj
         Debug\Class_SceneMovie8.obj
         Debug\Class_SceneStage8.obj
         Debug\Class_SceneMovie9.obj
         Debug\Class_SceneStage9.obj
         Debug\Class_SceneBoss3.obj
         Debug\Class_SceneMovie10.obj
         Debug\Class_SceneStage10.obj
         Debug\Class_SceneBoss4.obj
         Debug\Class_SceneMovie11.obj
         Debug\Class_SceneBoss5.obj
         Debug\Class_SceneMovie12.obj
         Debug\Class_SceneAdventureGame.obj
         Debug\Class_SceneAdventureGameData.obj
         Debug\Class_BackSky.obj
         Debug\Class_SceneAdventureGameClear.obj
         Debug\Class_SceneAdventureGameContinue.obj
         Debug\Class_SceneAdventureGameEvent.obj
         Debug\Class_SceneAdventureGamePlay.obj
         Debug\Class_SceneAdventureGameQuit.obj
         Debug\Class_SceneAdventureGameReset.obj
         Debug\Class_SceneAdventureGameStageChange.obj
         Debug\Class_SceneAdventureGameStageOut.obj
         Debug\Class_SceneMovieBase.obj
         Debug\Class_SceneLogo.obj
         Debug\Class_SceneDemo.obj
         Debug\Class_SceneTitle.obj
         Debug\Class_SceneEnding.obj
         Debug\Class_SceneGameOver.obj
         Debug\GameCommon.obj
         Debug\Class_GameMap.obj
         Debug\Class_ShadowObject.obj
         Debug\Class_Comment.obj
         Debug\Class_KageTokiAdventCharacter.obj
         Debug\Class_AdventEnemyManager.obj
         Debug\Class_EnemyBall.obj
         Debug\Class_KageTokiAdventEnemy.obj
         Debug\Class_EnemyShadoll.obj
         Debug\Class_EnemyShadog.obj
         Debug\Class_EnemyShadollSword.obj
         Debug\Class_EnemyShadollArchery.obj
         Debug\Class_KageTokiAdventBoss.obj
         Debug\Class_BossClime.obj
         Debug\Class_BossExe.obj
         Debug\Class_BossYamakage.obj
         Debug\Class_YamakageWeapon.obj
         Debug\Class_BossFeather.obj
         Debug\Class_BossTima.obj
         Debug\Class_AdventPlayer.obj
         Debug\Class_AdventKageo.obj
         Debug\Class_KageoBall.obj
         Debug\Class_AdventKagemi.obj
         Debug\Class_KagemiBall.obj
         Debug\UtilityFunction.obj
         Debug\Version.obj
         Debug\DirectX.obj
         Debug\Class_GraphicDevice.obj
         Debug\Class_Spline.obj
         Debug\Class_OggVorbis.obj
         Debug\Class_Sound.obj
         Debug\Class_Sound_OggVorbis.obj
         Debug\Class_3DObject.obj
         Debug\Class_3DObjectCamera.obj
         Debug\Class_3DObjectGroup.obj
         Debug\Class_Mesh.obj
         Debug\Class_SkinMesh.obj
         Debug\Class_Texture.obj
         Debug\Class_3DEffect.obj
         Debug\Class_3DEffectCenter.obj
         Debug\Class_MeshBase.obj
         Debug\Class_SkinMeshBase.obj
         Debug\Class_TextureBase.obj
         Debug\Class_FontBase.obj
         Debug\Class_EffectBase.obj
         Debug\Class_DirectInput.obj
         Debug\MySystem.obj
         Debug\Class_Direction.obj
         Debug\Class_ZTextureShader.obj
         Debug\Class_DepthBufShader.obj
         Debug\Class_SaveResource.obj
         Debug\Class_3DMap.obj
         Debug\Class_MovieCamera.obj
         Debug\WinMain.obj
         Debug\Class_WindowManager.obj
         Debug\Precompiler.obj
     1>Class_GameApplication.obj : warning LNK4075: /EDITANDCONTINUE は /SAFESEH の指定によって無視されます。
         Project_Games.vcxproj -> C:\Users\uejun\Desktop\KageTokiGIRLSln\Debug\Project_Games.exe
     1>プロジェクト "C:\Users\uejun\Desktop\KageTokiGIRLSln\Project_Games\Project_Games.vcxproj" (Build ターゲット) のビルドが完了しました。

ビルドに成功しました。

経過時間 00:00:01.20
